<html>
<body>
<pre>
<h1>Vision Build Log</h1>
<h2>Project:</h2>
F:\单片机\江科大\7-1定时器\project.uvproj
Project File Date:  07/21/2023

<h2>Output:</h2>
Build target 'Target 1'
assembling STARTUP.A51...
compiling main.c...
compiling Key.c...
KEY.C(12): error C141: syntax error near '_3'
KEY.C(12): error C202: '_3': undefined identifier
KEY.C(12): error C141: syntax error near ')'
compiling Timer0.c...
compiling Delay.c...
Target not created
Build target 'Target 1'
assembling STARTUP.A51...
compiling main.c...
compiling Key.c...
compiling Timer0.c...
compiling Delay.c...
linking...
Program Size: data=14.0 xdata=0 code=271
creating hex file from "project"...
"project" - 0 Error(s), 0 Warning(s).
