<html>
<body>
<pre>
<h1>Vision Build Log</h1>
<h2>Project:</h2>
F:\单片机\江科大\17-2红外遥控调速\project.uvproj
Project File Date:  08/26/2023

<h2>Output:</h2>
Build target 'Target 1'
assembling STARTUP.A51...
compiling Delay.c...
compiling Key.c...
compiling main.c...
main.c(5): warning C318: can't open file 'Timer0.h'
MAIN.C(10): warning C206: 'Timer0_Init': missing function-prototype
compiling Nixie.c...
compiling Timer1.c...
linking...
Program Size: data=24.0 xdata=0 code=507
creating hex file from "project"...
"project" - 0 Error(s), 2 Warning(s).
Build target 'Target 1'
assembling STARTUP.A51...
compiling Delay.c...
compiling Key.c...
compiling main.c...
main.c(5): warning C318: can't open file 'Timer0.h'
MAIN.C(10): warning C206: 'Timer1_Init': missing function-prototype
compiling Nixie.c...
compiling Timer1.c...
linking...
*** WARNING L16: UNCALLED SEGMENT, IGNORED FOR OVERLAY PROCESS
    SEGMENT: ?PR?TIMER0_INIT?TIMER1
*** WARNING L1: UNRESOLVED EXTERNAL SYMBOL
    SYMBOL:  TIMER1_INIT
    MODULE:  main.obj (MAIN)
*** WARNING L2: REFERENCE MADE TO UNRESOLVED EXTERNAL
    SYMBOL:  TIMER1_INIT
    MODULE:  main.obj (MAIN)
    ADDRESS: 095BH
Program Size: data=24.0 xdata=0 code=507
creating hex file from "project"...
"project" - 0 Error(s), 5 Warning(s).
Build target 'Target 1'
assembling STARTUP.A51...
compiling Delay.c...
compiling Key.c...
compiling main.c...
main.c(5): warning C318: can't open file 'Timer0.h'
MAIN.C(10): warning C206: 'Timer1_Init': missing function-prototype
compiling Nixie.c...
compiling Timer1.c...
linking...
*** WARNING L16: UNCALLED SEGMENT, IGNORED FOR OVERLAY PROCESS
    SEGMENT: ?PR?TIMER0_INIT?TIMER1
*** WARNING L1: UNRESOLVED EXTERNAL SYMBOL
    SYMBOL:  TIMER1_INIT
    MODULE:  main.obj (MAIN)
*** WARNING L2: REFERENCE MADE TO UNRESOLVED EXTERNAL
    SYMBOL:  TIMER1_INIT
    MODULE:  main.obj (MAIN)
    ADDRESS: 095BH
Program Size: data=24.0 xdata=0 code=507
creating hex file from "project"...
"project" - 0 Error(s), 5 Warning(s).
Build target 'Target 1'
assembling STARTUP.A51...
compiling Delay.c...
compiling Key.c...
compiling main.c...
main.c(5): warning C318: can't open file 'Timer0.h'
MAIN.C(10): warning C206: 'Timer1_Init': missing function-prototype
compiling Nixie.c...
compiling Timer1.c...
linking...
Program Size: data=24.0 xdata=0 code=507
creating hex file from "project"...
"project" - 0 Error(s), 2 Warning(s).
Build target 'Target 1'
assembling STARTUP.A51...
compiling Delay.c...
compiling Key.c...
compiling main.c...
compiling Nixie.c...
compiling Timer1.c...
compiling Int0.c...
compiling IR.c...
IR.c(2): warning C318: can't open file 'Timer0.h'
IR.C(23): warning C206: 'Timer0_Init': missing function-prototype
IR.C(82): warning C206: 'Timer0_SetCounter': missing function-prototype
IR.C(82): error C267: 'Timer0_SetCounter': requires ANSI-style prototype
Target not created
Build target 'Target 1'
assembling STARTUP.A51...
compiling Delay.c...
compiling Key.c...
compiling main.c...
compiling Nixie.c...
compiling Timer1.c...
compiling Int0.c...
compiling IR.c...
compiling Timer0.c...
linking...
*** WARNING L16: UNCALLED SEGMENT, IGNORED FOR OVERLAY PROCESS
    SEGMENT: ?PR?IR_INIT?IR
*** WARNING L16: UNCALLED SEGMENT, IGNORED FOR OVERLAY PROCESS
    SEGMENT: ?PR?IR_GETDATAFLAG?IR
*** WARNING L16: UNCALLED SEGMENT, IGNORED FOR OVERLAY PROCESS
    SEGMENT: ?PR?IR_GETREPEATFLAG?IR
*** WARNING L16: UNCALLED SEGMENT, IGNORED FOR OVERLAY PROCESS
    SEGMENT: ?PR?IR_GETADDRESS?IR
*** WARNING L16: UNCALLED SEGMENT, IGNORED FOR OVERLAY PROCESS
    SEGMENT: ?PR?IR_GETCOMMAND?IR
Program Size: data=36.0 xdata=0 code=933
creating hex file from "project"...
"project" - 0 Error(s), 5 Warning(s).
Build target 'Target 1'
assembling STARTUP.A51...
compiling Delay.c...
compiling Key.c...
compiling main.c...
compiling Nixie.c...
compiling Timer1.c...
compiling Int0.c...
compiling IR.c...
compiling Timer0.c...
compiling Motor.c...
linking...
*** WARNING L16: UNCALLED SEGMENT, IGNORED FOR OVERLAY PROCESS
    SEGMENT: ?PR?IR_INIT?IR
*** WARNING L16: UNCALLED SEGMENT, IGNORED FOR OVERLAY PROCESS
    SEGMENT: ?PR?IR_GETDATAFLAG?IR
*** WARNING L16: UNCALLED SEGMENT, IGNORED FOR OVERLAY PROCESS
    SEGMENT: ?PR?IR_GETREPEATFLAG?IR
*** WARNING L16: UNCALLED SEGMENT, IGNORED FOR OVERLAY PROCESS
    SEGMENT: ?PR?IR_GETADDRESS?IR
*** WARNING L16: UNCALLED SEGMENT, IGNORED FOR OVERLAY PROCESS
    SEGMENT: ?PR?IR_GETCOMMAND?IR
Program Size: data=36.0 xdata=0 code=933
creating hex file from "project"...
"project" - 0 Error(s), 5 Warning(s).
Build target 'Target 1'
assembling STARTUP.A51...
compiling Delay.c...
compiling Key.c...
compiling main.c...
MAIN.C(7): warning C206: 'Timer1_Init': missing function-prototype
MAIN.C(11): error C202: 'KeyNum': undefined identifier
MAIN.C(12): error C202: 'KeyNum': undefined identifier
MAIN.C(14): error C202: 'Speed': undefined identifier
MAIN.C(15): error C202: 'Speed': undefined identifier
MAIN.C(16): error C202: 'Speed': undefined identifier
MAIN.C(16): error C202: 'Compare': undefined identifier
MAIN.C(17): error C202: 'Speed': undefined identifier
MAIN.C(17): error C202: 'Compare': undefined identifier
MAIN.C(18): error C202: 'Speed': undefined identifier
MAIN.C(18): error C202: 'Compare': undefined identifier
MAIN.C(19): error C202: 'Speed': undefined identifier
MAIN.C(19): error C202: 'Compare': undefined identifier
MAIN.C(21): error C202: 'Speed': undefined identifier
compiling Nixie.c...
compiling Timer1.c...
compiling Int0.c...
compiling IR.c...
compiling Timer0.c...
compiling Motor.c...
MOTOR.C(11): warning C280: 'Speed': unreferenced local variable
Target not created
Build target 'Target 1'
assembling STARTUP.A51...
compiling Delay.c...
compiling Key.c...
compiling main.c...
MAIN.C(9): warning C206: 'Timer1_Init': missing function-prototype
MAIN.C(18): error C202: 'Compare': undefined identifier
MAIN.C(19): error C202: 'Compare': undefined identifier
MAIN.C(20): error C202: 'Compare': undefined identifier
MAIN.C(21): error C202: 'Compare': undefined identifier
compiling Nixie.c...
compiling Timer1.c...
compiling Int0.c...
compiling IR.c...
compiling Timer0.c...
compiling Motor.c...
MOTOR.C(11): warning C280: 'Speed': unreferenced local variable
Target not created
Build target 'Target 1'
assembling STARTUP.A51...
compiling Delay.c...
compiling Key.c...
compiling main.c...
MAIN.C(9): warning C206: 'Timer1_Init': missing function-prototype
MAIN.C(19): error C202: 'Compare': undefined identifier
MAIN.C(20): error C202: 'Compare': undefined identifier
MAIN.C(21): error C202: 'Compare': undefined identifier
MAIN.C(22): error C202: 'Compare': undefined identifier
compiling Nixie.c...
compiling Timer1.c...
compiling Int0.c...
compiling IR.c...
compiling Timer0.c...
compiling Motor.c...
Target not created
Build target 'Target 1'
assembling STARTUP.A51...
compiling Delay.c...
compiling Key.c...
compiling main.c...
compiling Nixie.c...
compiling Timer1.c...
compiling Int0.c...
compiling IR.c...
compiling Timer0.c...
compiling Motor.c...
linking...
*** WARNING L16: UNCALLED SEGMENT, IGNORED FOR OVERLAY PROCESS
    SEGMENT: ?PR?KEY?KEY
*** WARNING L16: UNCALLED SEGMENT, IGNORED FOR OVERLAY PROCESS
    SEGMENT: ?PR?IR_GETREPEATFLAG?IR
*** WARNING L16: UNCALLED SEGMENT, IGNORED FOR OVERLAY PROCESS
    SEGMENT: ?PR?IR_GETADDRESS?IR
Program Size: data=36.0 xdata=0 code=980
creating hex file from "project"...
"project" - 0 Error(s), 3 Warning(s).
Build target 'Target 1'
assembling STARTUP.A51...
compiling Delay.c...
compiling Key.c...
compiling main.c...
compiling Nixie.c...
compiling Timer1.c...
compiling Int0.c...
compiling IR.c...
compiling Timer0.c...
compiling Motor.c...
linking...
*** WARNING L16: UNCALLED SEGMENT, IGNORED FOR OVERLAY PROCESS
    SEGMENT: ?PR?KEY?KEY
*** WARNING L16: UNCALLED SEGMENT, IGNORED FOR OVERLAY PROCESS
    SEGMENT: ?PR?IR_GETREPEATFLAG?IR
*** WARNING L16: UNCALLED SEGMENT, IGNORED FOR OVERLAY PROCESS
    SEGMENT: ?PR?IR_GETADDRESS?IR
Program Size: data=36.0 xdata=0 code=980
creating hex file from "project"...
"project" - 0 Error(s), 3 Warning(s).
Build target 'Target 1'
assembling STARTUP.A51...
compiling Delay.c...
compiling Key.c...
compiling main.c...
compiling Nixie.c...
compiling Timer1.c...
compiling Int0.c...
compiling IR.c...
compiling Timer0.c...
compiling Motor.c...
linking...
*** WARNING L16: UNCALLED SEGMENT, IGNORED FOR OVERLAY PROCESS
    SEGMENT: ?PR?KEY?KEY
*** WARNING L16: UNCALLED SEGMENT, IGNORED FOR OVERLAY PROCESS
    SEGMENT: ?PR?IR_GETREPEATFLAG?IR
*** WARNING L16: UNCALLED SEGMENT, IGNORED FOR OVERLAY PROCESS
    SEGMENT: ?PR?IR_GETADDRESS?IR
Program Size: data=36.0 xdata=0 code=983
creating hex file from "project"...
"project" - 0 Error(s), 3 Warning(s).
Build target 'Target 1'
assembling STARTUP.A51...
compiling Delay.c...
compiling Key.c...
compiling main.c...
compiling Nixie.c...
compiling Timer1.c...
compiling Int0.c...
compiling IR.c...
compiling Timer0.c...
compiling Motor.c...
linking...
*** WARNING L16: UNCALLED SEGMENT, IGNORED FOR OVERLAY PROCESS
    SEGMENT: ?PR?KEY?KEY
*** WARNING L16: UNCALLED SEGMENT, IGNORED FOR OVERLAY PROCESS
    SEGMENT: ?PR?IR_GETREPEATFLAG?IR
*** WARNING L16: UNCALLED SEGMENT, IGNORED FOR OVERLAY PROCESS
    SEGMENT: ?PR?IR_GETADDRESS?IR
Program Size: data=36.0 xdata=0 code=983
creating hex file from "project"...
"project" - 0 Error(s), 3 Warning(s).
