<html>
<body>
<pre>
<h1>Vision Build Log</h1>
<h2>Project:</h2>
F:\单片机\江科大\2-4LED流水灯plus\project.uvproj
Project File Date:  07/08/2023

<h2>Output:</h2>
Build target 'Target 1'
assembling STARTUP.A51...
compiling main.c...
linking...
*** WARNING L16: UNCALLED SEGMENT, IGNORED FOR OVERLAY PROCESS
    SEGMENT: ?PR?_DELAY?MAIN
Program Size: data=9.0 xdata=0 code=41
"project" - 0 Error(s), 1 Warning(s).
Build target 'Target 1'
assembling STARTUP.A51...
compiling main.c...
linking...
Program Size: data=9.0 xdata=0 code=50
"project" - 0 Error(s), 0 Warning(s).
Build target 'Target 1'
assembling STARTUP.A51...
compiling main.c...
linking...
Program Size: data=9.0 xdata=0 code=52
"project" - 0 Error(s), 0 Warning(s).
Build target 'Target 1'
assembling STARTUP.A51...
compiling main.c...
linking...
Program Size: data=9.0 xdata=0 code=52
creating hex file from "project"...
"project" - 0 Error(s), 0 Warning(s).
Build target 'Target 1'
assembling STARTUP.A51...
compiling main.c...
linking...
Program Size: data=9.0 xdata=0 code=58
creating hex file from "project"...
"project" - 0 Error(s), 0 Warning(s).
Build target 'Target 1'
assembling STARTUP.A51...
compiling main.c...
linking...
Program Size: data=9.0 xdata=0 code=58
creating hex file from "project"...
"project" - 0 Error(s), 0 Warning(s).
Build target 'Target 1'
assembling STARTUP.A51...
compiling main.c...
linking...
Program Size: data=9.0 xdata=0 code=58
creating hex file from "project"...
"project" - 0 Error(s), 0 Warning(s).
Build target 'Target 1'
assembling STARTUP.A51...
compiling main.c...
linking...
Program Size: data=9.0 xdata=0 code=58
creating hex file from "project"...
"project" - 0 Error(s), 0 Warning(s).
Build target 'Target 1'
assembling STARTUP.A51...
compiling main.c...
linking...
Program Size: data=9.0 xdata=0 code=58
creating hex file from "project"...
"project" - 0 Error(s), 0 Warning(s).
Build target 'Target 1'
assembling STARTUP.A51...
compiling main.c...
MAIN.C(14): error C141: syntax error near '}', expected 'while'
MAIN.C(21): error C141: syntax error near '{', expected ';'
MAIN.C(29): error C141: syntax error near ''
Target not created
Build target 'Target 1'
assembling STARTUP.A51...
compiling main.c...
MAIN.C(13): error C141: syntax error near 'xms', expected 'while'
MAIN.C(21): error C141: syntax error near '{', expected ';'
MAIN.C(29): error C141: syntax error near ''
Target not created
Build target 'Target 1'
assembling STARTUP.A51...
compiling main.c...
MAIN.C(12): error C141: syntax error near 'xms', expected 'while'
MAIN.C(20): error C141: syntax error near '{', expected ';'
MAIN.C(28): error C141: syntax error near ''
Target not created
Build target 'Target 1'
assembling STARTUP.A51...
compiling main.c...
MAIN.C(4): warning C280: 'i': unreferenced local variable
MAIN.C(4): warning C280: 'j': unreferenced local variable
linking...
Program Size: data=11.0 xdata=0 code=38
creating hex file from "project"...
"project" - 0 Error(s), 2 Warning(s).
Build target 'Target 1'
assembling STARTUP.A51...
compiling main.c...
linking...
Program Size: data=10.0 xdata=0 code=58
creating hex file from "project"...
"project" - 0 Error(s), 0 Warning(s).
Build target 'Target 1'
assembling STARTUP.A51...
compiling main.c...
linking...
Program Size: data=10.0 xdata=0 code=61
creating hex file from "project"...
"project" - 0 Error(s), 0 Warning(s).
Build target 'Target 1'
assembling STARTUP.A51...
compiling main.c...
linking...
Program Size: data=10.0 xdata=0 code=61
creating hex file from "project"...
"project" - 0 Error(s), 0 Warning(s).
Build target 'Target 1'
assembling STARTUP.A51...
compiling main.c...
linking...
Program Size: data=10.0 xdata=0 code=58
creating hex file from "project"...
"project" - 0 Error(s), 0 Warning(s).
Build target 'Target 1'
assembling STARTUP.A51...
compiling main.c...
linking...
Program Size: data=9.0 xdata=0 code=58
creating hex file from "project"...
"project" - 0 Error(s), 0 Warning(s).
Build target 'Target 1'
assembling STARTUP.A51...
compiling main.c...
linking...
Program Size: data=9.0 xdata=0 code=58
creating hex file from "project"...
"project" - 0 Error(s), 0 Warning(s).
